<?xml version="1.0" encoding="UTF-8"?>
<testng-results ignored="0" total="1" passed="1" failed="0" skipped="0">
  <reporter-output>
  </reporter-output>
  <suite started-at="2026-03-15T22:39:50 IST" name="Default suite" finished-at="2026-03-15T22:39:53 IST" duration-ms="2966">
    <groups>
    </groups>
    <test started-at="2026-03-15T22:39:50 IST" name="Default test" finished-at="2026-03-15T22:39:53 IST" duration-ms="2966">
      <class name="com.ramya.api_automation.GetUsersTest">
        <test-method signature="getUsersTest()[pri:0, instance:com.ramya.api_automation.GetUsersTest@6392827e]" started-at="2026-03-15T22:39:50 IST" name="getUsersTest" finished-at="2026-03-15T22:39:53 IST" duration-ms="2897" status="PASS">
          <reporter-output>
          </reporter-output>
        </test-method> <!-- getUsersTest -->
      </class> <!-- com.ramya.api_automation.GetUsersTest -->
    </test> <!-- Default test -->
  </suite> <!-- Default suite -->
</testng-results>
